c:\users\botez\source\repos\creditorganizer\creditorganizer\x64\debug\creditorganizer.pch
c:\users\botez\source\repos\creditorganizer\creditorganizer\x64\debug\vc143.pdb
c:\users\botez\source\repos\creditorganizer\creditorganizer\x64\debug\pch.obj
c:\users\botez\source\repos\creditorganizer\creditorganizer\x64\debug\.netframework,version=v4.7.2.assemblyattributes.obj
c:\users\botez\source\repos\creditorganizer\creditorganizer\x64\debug\creditorganizer.obj
c:\users\botez\source\repos\creditorganizer\creditorganizer\x64\debug\creditcardaccount.obj
c:\users\botez\source\repos\creditorganizer\creditorganizer\x64\debug\assemblyinfo.obj
c:\users\botez\source\repos\creditorganizer\creditorganizer\x64\debug\loyaltyscheme.obj
c:\users\botez\source\repos\creditorganizer\x64\debug\creditorganizer.exe
c:\users\botez\source\repos\creditorganizer\x64\debug\creditorganizer.pdb
c:\users\botez\source\repos\creditorganizer\creditorganizer\x64\debug\app.res
c:\users\botez\source\repos\creditorganizer\creditorganizer\x64\debug\creditorganizer.tlog\cl.command.1.tlog
c:\users\botez\source\repos\creditorganizer\creditorganizer\x64\debug\creditorganizer.tlog\cl.read.1.tlog
c:\users\botez\source\repos\creditorganizer\creditorganizer\x64\debug\creditorganizer.tlog\cl.write.1.tlog
c:\users\botez\source\repos\creditorganizer\creditorganizer\x64\debug\creditorganizer.tlog\link.command.1.tlog
c:\users\botez\source\repos\creditorganizer\creditorganizer\x64\debug\creditorganizer.tlog\link.read.1.tlog
c:\users\botez\source\repos\creditorganizer\creditorganizer\x64\debug\creditorganizer.tlog\link.write.1.tlog
c:\users\botez\source\repos\creditorganizer\creditorganizer\x64\debug\creditorganizer.tlog\metagen.read.1.tlog
c:\users\botez\source\repos\creditorganizer\creditorganizer\x64\debug\creditorganizer.tlog\metagen.write.1.tlog
c:\users\botez\source\repos\creditorganizer\creditorganizer\x64\debug\creditorganizer.tlog\rc.command.1.tlog
c:\users\botez\source\repos\creditorganizer\creditorganizer\x64\debug\creditorganizer.tlog\rc.read.1.tlog
c:\users\botez\source\repos\creditorganizer\creditorganizer\x64\debug\creditorganizer.tlog\rc.write.1.tlog
